got something
PHP Notice:  Undefined offset: 1 in /var/www/9thsense/tc2/xmpphp/Roster.php on line 121
PHP Notice:  Undefined offset: 1 in /var/www/9thsense/tc2/xmpphp/Roster.php on line 121
PHP Notice:  Undefined offset: 1 in /var/www/9thsense/tc2/xmpphp/Roster.php on line 121
PHP Notice:  Undefined offset: 1 in /var/www/9thsense/tc2/xmpphp/Roster.php on line 121
PHP Notice:  Undefined offset: 1 in /var/www/9thsense/tc2/xmpphp/Roster.php on line 121
PHP Notice:  Undefined offset: 1 in /var/www/9thsense/tc2/xmpphp/Roster.php on line 121
PHP Notice:  Trying to get property of non-object in /var/www/9thsense/tc2/xmpphp/XMPP.php on line 233
PHP Notice:  Trying to get property of non-object in /var/www/9thsense/tc2/xmpphp/XMPP.php on line 235
PHP Notice:  Trying to get property of non-object in /var/www/9thsense/tc2/xmpphp/XMPP.php on line 233
PHP Notice:  Trying to get property of non-object in /var/www/9thsense/tc2/xmpphp/XMPP.php on line 235
in foreach: helo.demo@9thsense.com, with from = helo.demo@9thsense.com, event[0] = message
Could not construct messageFromRobot from body:String could not be parsed as XML{"microDuration":0.006364,"robot":"helo.demo@9thsense.com","status":"ok","version":"0.9","latency":0.0073258876800537}in foreach: helo.demo@9thsense.com, with from = helo.demo@9thsense.com, event[0] = message
Could not construct messageFromRobot from body:String could not be parsed as XML{"microDuration":0.035888,"robot":"helo.demo@9thsense.com","status":"ok","version":"0.9","latency":0.037183046340942}got something
got something
got something
got something
got something
got something
got something
got something
got something
got something
in foreach: helo.demo@9thsense.com, with from = helo.demo@9thsense.com, event[0] = message
{"microDuration":0.00155,"robot":"helo.demo@9thsense.com","status":"ok","version":"0.9","latency":0.0066869258880615,"response":"e"}got something
in foreach: helo.demo@9thsense.com, with from = helo.demo@9thsense.com, event[0] = message
{"microDuration":0.0028629999999999,"robot":"helo.demo@9thsense.com","status":"ok","version":"0.9","latency":0.0034940242767334,"response":"e"}got something
got something
got something
in foreach: helo.demo@9thsense.com, with from = helo.demo@9thsense.com, event[0] = message
{"microDuration":0.00302,"robot":"helo.demo@9thsense.com","status":"ok","version":"0.9","latency":0.0035710334777832,"response":"e"}in foreach: helo.demo@9thsense.com, with from = helo.demo@9thsense.com, event[0] = message
{"microDuration":0.003467,"robot":"helo.demo@9thsense.com","status":"ok","version":"0.9","latency":0.0039701461791992,"response":"e"}got something
in foreach: helo.demo@9thsense.com, with from = helo.demo@9thsense.com, event[0] = message
{"microDuration":0.002025,"robot":"helo.demo@9thsense.com","status":"ok","version":"0.9","latency":0.0085699558258057,"response":"e"}got something
in foreach: helo.demo@9thsense.com, with from = helo.demo@9thsense.com, event[0] = message
{"microDuration":0.00086999999999993,"robot":"helo.demo@9thsense.com","status":"ok","version":"0.9","latency":0.0033109188079834,"response":"e"}got something
in foreach: helo.demo@9thsense.com, with from = helo.demo@9thsense.com, event[0] = message
{"microDuration":0.0026189999999999,"robot":"helo.demo@9thsense.com","status":"ok","version":"0.9","latency":0.0031821727752686,"response":"e"}got something
in foreach: helo.three@9thsense.com, with from = helo.demo@9thsense.com, event[0] = message
got something
got something
got something
got something
got something
got something
got something
got something
got something
got something
got something
got something
got something
got something
got something
got something
got something
got something
got something
got something
got something
got something
got something
got something
got something
got something
got something
got something
got something
got something
got something
got something
got something
got something
got something
got something
got something
got something
got something
got something
got something
got something
got something
got something
got something
got something
got something
got something
got something
got something
got something
got something
got something
got something
got something
got something
in foreach: helo.three@9thsense.com, with from = helo.demo@9thsense.com, event[0] = message
got something
in foreach: helo.three@9thsense.com, with from = helo.three@9thsense.com, event[0] = message
{"microDuration":0.255091,"robot":"helo.three@9thsense.com","status":"ok","version":"0.9","latency":0.25798010826111,"response":"e"}got something
in foreach: helo.three@9thsense.com, with from = helo.three@9thsense.com, event[0] = message
{"microDuration":0.005534,"robot":"helo.three@9thsense.com","status":"ok","version":"0.9","latency":0.0077970027923584,"response":"e"}in foreach: helo.three@9thsense.com, with from = helo.three@9thsense.com, event[0] = message
{"microDuration":0.006896,"robot":"helo.three@9thsense.com","status":"ok","version":"0.9","latency":0.0091149806976318,"response":"e"}in foreach: helo.three@9thsense.com, with from = helo.three@9thsense.com, event[0] = message
{"microDuration":0.00708,"robot":"helo.three@9thsense.com","status":"ok","version":"0.9","latency":0.0092391967773438,"response":"e"}in foreach: helo.three@9thsense.com, with from = helo.three@9thsense.com, event[0] = message
{"microDuration":0.007172,"robot":"helo.three@9thsense.com","status":"ok","version":"0.9","latency":0.0093371868133545,"response":"e"}in foreach: helo.three@9thsense.com, with from = helo.three@9thsense.com, event[0] = message
{"microDuration":0.007273,"robot":"helo.three@9thsense.com","status":"ok","version":"0.9","latency":0.0094361305236816,"response":"e"}in foreach: helo.three@9thsense.com, with from = helo.three@9thsense.com, event[0] = message
{"microDuration":0.007369,"robot":"helo.three@9thsense.com","status":"ok","version":"0.9","latency":0.0095272064208984,"response":"e"}got something
got something
in foreach: helo.three@9thsense.com, with from = helo.three@9thsense.com, event[0] = message
{"microDuration":0.001735,"robot":"helo.three@9thsense.com","status":"ok","version":"0.9","latency":0.0062859058380127,"response":"e"}got something
in foreach: helo.three@9thsense.com, with from = helo.three@9thsense.com, event[0] = message
{"microDuration":0.396746,"robot":"helo.three@9thsense.com","status":"ok","version":"0.9","latency":0.40129399299622,"response":"e"}got something
in foreach: helo.three@9thsense.com, with from = helo.three@9thsense.com, event[0] = message
{"microDuration":0.00096499999999999,"robot":"helo.three@9thsense.com","status":"ok","version":"0.9","latency":0.003554105758667,"response":"e"}got something
in foreach: helo.three@9thsense.com, with from = helo.three@9thsense.com, event[0] = message
{"microDuration":0.190007,"robot":"helo.three@9thsense.com","status":"ok","version":"0.9","latency":0.19235777854919,"response":"e"}got something
got something
got something
got something
in foreach: helo.three@9thsense.com, with from = helo.three@9thsense.com, event[0] = message
{"microDuration":0.000897,"robot":"helo.three@9thsense.com","status":"ok","version":"0.9","latency":0.0014939308166504,"response":"e"}got something
got something
got something
in foreach: helo.three@9thsense.com, with from = helo.three@9thsense.com, event[0] = message
{"microDuration":0.005329,"robot":"helo.three@9thsense.com","status":"ok","version":"0.9","latency":0.0096709728240967,"response":"e"}in foreach: helo.three@9thsense.com, with from = helo.three@9thsense.com, event[0] = message
{"microDuration":0.006845,"robot":"helo.three@9thsense.com","status":"ok","version":"0.9","latency":0.011137962341309,"response":"e"}in foreach: helo.three@9thsense.com, with from = helo.three@9thsense.com, event[0] = message
{"microDuration":0.0071150000000001,"robot":"helo.three@9thsense.com","status":"ok","version":"0.9","latency":0.01138710975647,"response":"e"}in foreach: helo.three@9thsense.com, with from = helo.three@9thsense.com, event[0] = message
{"microDuration":0.0073300000000001,"robot":"helo.three@9thsense.com","status":"ok","version":"0.9","latency":0.011565923690796,"response":"e"}got something
in foreach: helo.three@9thsense.com, with from = helo.three@9thsense.com, event[0] = message
{"microDuration":0.0017320000000001,"robot":"helo.three@9thsense.com","status":"ok","version":"0.9","latency":0.0048568248748779,"response":"e"}in foreach: helo.three@9thsense.com, with from = helo.three@9thsense.com, event[0] = message
{"microDuration":0.002833,"robot":"helo.three@9thsense.com","status":"ok","version":"0.9","latency":0.0058410167694092,"response":"e"}got something
got something
got something
got something
got something
got something
got something
got something
in foreach: helo.three@9thsense.com, with from = helo.three@9thsense.com, event[0] = message
{"microDuration":0.005383,"robot":"helo.three@9thsense.com","status":"ok","version":"0.9","latency":0.007479190826416,"response":"e"}in foreach: helo.three@9thsense.com, with from = helo.three@9thsense.com, event[0] = message
{"microDuration":0.006298,"robot":"helo.three@9thsense.com","status":"ok","version":"0.9","latency":0.0083630084991455,"response":"e"}in foreach: helo.three@9thsense.com, with from = helo.three@9thsense.com, event[0] = message
{"microDuration":0.006441,"robot":"helo.three@9thsense.com","status":"ok","version":"0.9","latency":0.0084781646728516,"response":"e"}in foreach: helo.three@9thsense.com, with from = helo.three@9thsense.com, event[0] = message
{"microDuration":0.006536,"robot":"helo.three@9thsense.com","status":"ok","version":"0.9","latency":0.0085651874542236,"response":"e"}in foreach: helo.three@9thsense.com, with from = helo.three@9thsense.com, event[0] = message
{"microDuration":0.006632,"robot":"helo.three@9thsense.com","status":"ok","version":"0.9","latency":0.0086610317230225,"response":"e"}in foreach: helo.three@9thsense.com, with from = helo.three@9thsense.com, event[0] = message
{"microDuration":0.006718,"robot":"helo.three@9thsense.com","status":"ok","version":"0.9","latency":0.0087511539459229,"response":"e"}in foreach: helo.three@9thsense.com, with from = helo.three@9thsense.com, event[0] = message
{"microDuration":0.006811,"robot":"helo.three@9thsense.com","status":"ok","version":"0.9","latency":0.0088369846343994,"response":"e"}in foreach: helo.three@9thsense.com, with from = helo.three@9thsense.com, event[0] = message
{"microDuration":0.006893,"robot":"helo.three@9thsense.com","status":"ok","version":"0.9","latency":0.0089190006256104,"response":"e"}got something
got something
got something
got something
got something
got something
got something
got something
got something
got something
got something
got something
got something
got something
got something
got something
got something
got something
got something
got something
got something
got something
got something
got something
got something
got something
got something
got something
got something
got something
got something
got something
got something
got something
got something
got something
got something
got something
got something
in foreach: helo.three@9thsense.com, with from = helo.three@9thsense.com, event[0] = message
{"microDuration":0.164501,"robot":"helo.three@9thsense.com","status":"ok","version":"0.9","latency":0.17916989326477,"response":"e"}got something
in foreach: helo.three@9thsense.com, with from = helo.three@9thsense.com, event[0] = message
{"microDuration":0.017606,"robot":"helo.three@9thsense.com","status":"ok","version":"0.9","latency":0.022217988967896,"response":"e"}got something
in foreach: helo.three@9thsense.com, with from = helo.three@9thsense.com, event[0] = message
{"microDuration":0.0012580000000001,"robot":"helo.three@9thsense.com","status":"ok","version":"0.9","latency":0.0038118362426758,"response":"e"}got something
in foreach: helo.three@9thsense.com, with from = helo.three@9thsense.com, event[0] = message
{"microDuration":0.143005,"robot":"helo.three@9thsense.com","status":"ok","version":"0.9","latency":0.14731597900391,"response":"e"}got something
in foreach: helo.three@9thsense.com, with from = helo.three@9thsense.com, event[0] = message
{"microDuration":0.005008,"robot":"helo.three@9thsense.com","status":"ok","version":"0.9","latency":0.0065479278564453,"response":"e"}got something
in foreach: helo.three@9thsense.com, with from = helo.three@9thsense.com, event[0] = message
{"microDuration":0.010336,"robot":"helo.three@9thsense.com","status":"ok","version":"0.9","latency":0.010973930358887,"response":"e"}in foreach: helo.three@9thsense.com, with from = helo.three@9thsense.com, event[0] = message
{"microDuration":0.011394,"robot":"helo.three@9thsense.com","status":"ok","version":"0.9","latency":0.011995077133179,"response":"e"}in foreach: helo.three@9thsense.com, with from = helo.three@9thsense.com, event[0] = message
{"microDuration":0.011563,"robot":"helo.three@9thsense.com","status":"ok","version":"0.9","latency":0.012105941772461,"response":"e"}in foreach: helo.three@9thsense.com, with from = helo.three@9thsense.com, event[0] = message
{"microDuration":0.013707,"robot":"helo.three@9thsense.com","status":"ok","version":"0.9","latency":0.014260053634644,"response":"e"}in foreach: helo.three@9thsense.com, with from = helo.three@9thsense.com, event[0] = message
{"microDuration":0.013819,"robot":"helo.three@9thsense.com","status":"ok","version":"0.9","latency":0.014358997344971,"response":"e"}in foreach: helo.three@9thsense.com, with from = helo.three@9thsense.com, event[0] = message
{"microDuration":0.015126,"robot":"helo.three@9thsense.com","status":"ok","version":"0.9","latency":0.015707015991211,"response":"e"}PHP Warning:  socket_write(): unable to write to socket [104]: Connection reset by peer in /var/www/9thsense/tc2/xmpp-talk-daemon.php on line 63
in foreach: helo.three@9thsense.com, with from = helo.three@9thsense.com, event[0] = message
{"microDuration":0.015283,"robot":"helo.three@9thsense.com","status":"ok","version":"0.9","latency":0.015821933746338,"response":"e"}PHP Warning:  socket_write(): unable to write to socket [32]: Broken pipe in /var/www/9thsense/tc2/xmpp-talk-daemon.php on line 63
in foreach: helo.three@9thsense.com, with from = helo.three@9thsense.com, event[0] = message
{"microDuration":0.015373,"robot":"helo.three@9thsense.com","status":"ok","version":"0.9","latency":0.015909910202026,"response":"e"}PHP Warning:  socket_write(): unable to write to socket [32]: Broken pipe in /var/www/9thsense/tc2/xmpp-talk-daemon.php on line 63
in foreach: helo.three@9thsense.com, with from = helo.three@9thsense.com, event[0] = message
{"microDuration":0.015479,"robot":"helo.three@9thsense.com","status":"ok","version":"0.9","latency":0.016021013259888,"response":"e"}PHP Warning:  socket_write(): unable to write to socket [32]: Broken pipe in /var/www/9thsense/tc2/xmpp-talk-daemon.php on line 63
in foreach: helo.three@9thsense.com, with from = helo.three@9thsense.com, event[0] = message
{"microDuration":0.015566,"robot":"helo.three@9thsense.com","status":"ok","version":"0.9","latency":0.016102075576782,"response":"e"}PHP Warning:  socket_write(): unable to write to socket [32]: Broken pipe in /var/www/9thsense/tc2/xmpp-talk-daemon.php on line 63
in foreach: helo.three@9thsense.com, with from = helo.three@9thsense.com, event[0] = message
{"microDuration":0.015665,"robot":"helo.three@9thsense.com","status":"ok","version":"0.9","latency":0.016221046447754,"response":"e"}PHP Warning:  socket_write(): unable to write to socket [32]: Broken pipe in /var/www/9thsense/tc2/xmpp-talk-daemon.php on line 63
got something
in foreach: helo.three@9thsense.com, with from = helo.three@9thsense.com, event[0] = message
{"microDuration":0.015125,"robot":"helo.three@9thsense.com","status":"ok","version":"0.9","latency":0.019485950469971,"response":"e"}in foreach: helo.three@9thsense.com, with from = helo.three@9thsense.com, event[0] = message
{"microDuration":0.016124,"robot":"helo.three@9thsense.com","status":"ok","version":"0.9","latency":0.02043890953064,"response":"e"}in foreach: helo.three@9thsense.com, with from = helo.three@9thsense.com, event[0] = message
{"microDuration":0.016269,"robot":"helo.three@9thsense.com","status":"ok","version":"0.9","latency":0.020551919937134,"response":"e"}in foreach: helo.three@9thsense.com, with from = helo.three@9thsense.com, event[0] = message
{"microDuration":0.016397,"robot":"helo.three@9thsense.com","status":"ok","version":"0.9","latency":0.020691871643066,"response":"e"}in foreach: helo.three@9thsense.com, with from = helo.three@9thsense.com, event[0] = message
{"microDuration":0.016504,"robot":"helo.three@9thsense.com","status":"ok","version":"0.9","latency":0.020809888839722,"response":"e"}in foreach: helo.three@9thsense.com, with from = helo.three@9thsense.com, event[0] = message
{"microDuration":0.016619,"robot":"helo.three@9thsense.com","status":"ok","version":"0.9","latency":0.020892858505249,"response":"e"}in foreach: helo.three@9thsense.com, with from = helo.three@9thsense.com, event[0] = message
{"microDuration":0.016701,"robot":"helo.three@9thsense.com","status":"ok","version":"0.9","latency":0.02097487449646,"response":"e"}in foreach: helo.three@9thsense.com, with from = helo.three@9thsense.com, event[0] = message
{"microDuration":0.016783,"robot":"helo.three@9thsense.com","status":"ok","version":"0.9","latency":0.021055936813354,"response":"e"}in foreach: helo.three@9thsense.com, with from = helo.three@9thsense.com, event[0] = message
{"microDuration":0.016869,"robot":"helo.three@9thsense.com","status":"ok","version":"0.9","latency":0.021147966384888,"response":"e"}in foreach: helo.three@9thsense.com, with from = helo.three@9thsense.com, event[0] = message
{"microDuration":0.016969,"robot":"helo.three@9thsense.com","status":"ok","version":"0.9","latency":0.021245956420898,"response":"e"}in foreach: helo.three@9thsense.com, with from = helo.three@9thsense.com, event[0] = message
{"microDuration":0.017058,"robot":"helo.three@9thsense.com","status":"ok","version":"0.9","latency":0.021436929702759,"response":"e"}in foreach: helo.three@9thsense.com, with from = helo.three@9thsense.com, event[0] = message
{"microDuration":0.017265,"robot":"helo.three@9thsense.com","status":"ok","version":"0.9","latency":0.021539926528931,"response":"e"}got something
in foreach: helo.three@9thsense.com, with from = helo.three@9thsense.com, event[0] = message
{"microDuration":0.008466,"robot":"helo.three@9thsense.com","status":"ok","version":"0.9","latency":0.011133909225464,"response":"e"}in foreach: helo.three@9thsense.com, with from = helo.three@9thsense.com, event[0] = message
{"microDuration":0.009571,"robot":"helo.three@9thsense.com","status":"ok","version":"0.9","latency":0.012162923812866,"response":"e"}in foreach: helo.three@9thsense.com, with from = helo.three@9thsense.com, event[0] = message
{"microDuration":0.009721,"robot":"helo.three@9thsense.com","status":"ok","version":"0.9","latency":0.013717889785767,"response":"e"}PHP Warning:  socket_write(): unable to write to socket [104]: Connection reset by peer in /var/www/9thsense/tc2/xmpp-talk-daemon.php on line 63
in foreach: helo.three@9thsense.com, with from = helo.three@9thsense.com, event[0] = message
{"microDuration":0.011297,"robot":"helo.three@9thsense.com","status":"ok","version":"0.9","latency":0.013866901397705,"response":"e"}PHP Warning:  socket_write(): unable to write to socket [32]: Broken pipe in /var/www/9thsense/tc2/xmpp-talk-daemon.php on line 63
in foreach: helo.three@9thsense.com, with from = helo.three@9thsense.com, event[0] = message
{"microDuration":0.011406,"robot":"helo.three@9thsense.com","status":"ok","version":"0.9","latency":0.013963937759399,"response":"e"}PHP Warning:  socket_write(): unable to write to socket [32]: Broken pipe in /var/www/9thsense/tc2/xmpp-talk-daemon.php on line 63
in foreach: helo.three@9thsense.com, with from = helo.three@9thsense.com, event[0] = message
{"microDuration":0.011513,"robot":"helo.three@9thsense.com","status":"ok","version":"0.9","latency":0.014081954956055,"response":"e"}PHP Warning:  socket_write(): unable to write to socket [32]: Broken pipe in /var/www/9thsense/tc2/xmpp-talk-daemon.php on line 63
in foreach: helo.three@9thsense.com, with from = helo.three@9thsense.com, event[0] = message
{"microDuration":0.011621,"robot":"helo.three@9thsense.com","status":"ok","version":"0.9","latency":0.014168977737427,"response":"e"}PHP Warning:  socket_write(): unable to write to socket [32]: Broken pipe in /var/www/9thsense/tc2/xmpp-talk-daemon.php on line 63
in foreach: helo.three@9thsense.com, with from = helo.three@9thsense.com, event[0] = message
{"microDuration":0.011744,"robot":"helo.three@9thsense.com","status":"ok","version":"0.9","latency":0.014293909072876,"response":"e"}PHP Warning:  socket_write(): unable to write to socket [32]: Broken pipe in /var/www/9thsense/tc2/xmpp-talk-daemon.php on line 63
in foreach: helo.three@9thsense.com, with from = helo.three@9thsense.com, event[0] = message
{"microDuration":0.011825,"robot":"helo.three@9thsense.com","status":"ok","version":"0.9","latency":0.014374017715454,"response":"e"}PHP Warning:  socket_write(): unable to write to socket [32]: Broken pipe in /var/www/9thsense/tc2/xmpp-talk-daemon.php on line 63
in foreach: helo.three@9thsense.com, with from = helo.three@9thsense.com, event[0] = message
{"microDuration":0.011923,"robot":"helo.three@9thsense.com","status":"ok","version":"0.9","latency":0.014479875564575,"response":"e"}PHP Warning:  socket_write(): unable to write to socket [32]: Broken pipe in /var/www/9thsense/tc2/xmpp-talk-daemon.php on line 63
got something
got something
got something
got something
got something
got something
got something
got something
got something
got something
got something
got something
got something
got something
got something
got something
got something
got something
got something
got something
got something
got something
got something
got something
got something
got something
in foreach: helo.three@9thsense.com, with from = helo.three@9thsense.com, event[0] = message
{"microDuration":0.008464,"robot":"helo.three@9thsense.com","status":"ok","version":"0.9","latency":0.01093602180481,"response":"e"}in foreach: helo.three@9thsense.com, with from = helo.three@9thsense.com, event[0] = message
{"microDuration":0.009721,"robot":"helo.three@9thsense.com","status":"ok","version":"0.9","latency":0.012251853942871,"response":"e"}in foreach: helo.three@9thsense.com, with from = helo.three@9thsense.com, event[0] = message
{"microDuration":0.010011,"robot":"helo.three@9thsense.com","status":"ok","version":"0.9","latency":0.012474060058594,"response":"e"}in foreach: helo.three@9thsense.com, with from = helo.three@9thsense.com, event[0] = message
{"microDuration":0.010194,"robot":"helo.three@9thsense.com","status":"ok","version":"0.9","latency":0.012646913528442,"response":"e"}in foreach: helo.three@9thsense.com, with from = helo.three@9thsense.com, event[0] = message
{"microDuration":0.010363,"robot":"helo.three@9thsense.com","status":"ok","version":"0.9","latency":0.012813091278076,"response":"e"}in foreach: helo.three@9thsense.com, with from = helo.three@9thsense.com, event[0] = message
{"microDuration":0.010529,"robot":"helo.three@9thsense.com","status":"ok","version":"0.9","latency":0.012978076934814,"response":"e"}in foreach: helo.three@9thsense.com, with from = helo.three@9thsense.com, event[0] = message
{"microDuration":0.010692,"robot":"helo.three@9thsense.com","status":"ok","version":"0.9","latency":0.013139009475708,"response":"e"}in foreach: helo.three@9thsense.com, with from = helo.three@9thsense.com, event[0] = message
{"microDuration":0.010859,"robot":"helo.three@9thsense.com","status":"ok","version":"0.9","latency":0.013304948806763,"response":"e"}in foreach: helo.three@9thsense.com, with from = helo.three@9thsense.com, event[0] = message
{"microDuration":0.011021,"robot":"helo.three@9thsense.com","status":"ok","version":"0.9","latency":0.013467073440552,"response":"e"}in foreach: helo.three@9thsense.com, with from = helo.three@9thsense.com, event[0] = message
{"microDuration":0.011182,"robot":"helo.three@9thsense.com","status":"ok","version":"0.9","latency":0.01372504234314,"response":"e"}in foreach: helo.three@9thsense.com, with from = helo.three@9thsense.com, event[0] = message
{"microDuration":0.011459,"robot":"helo.three@9thsense.com","status":"ok","version":"0.9","latency":0.013906955718994,"response":"e"}got something
in foreach: helo.three@9thsense.com, with from = helo.three@9thsense.com, event[0] = message
{"microDuration":0.014813,"robot":"helo.three@9thsense.com","status":"ok","version":"0.9","latency":0.019137859344482,"response":"e"}in foreach: helo.three@9thsense.com, with from = helo.three@9thsense.com, event[0] = message
{"microDuration":0.016189,"robot":"helo.three@9thsense.com","status":"ok","version":"0.9","latency":0.020464897155762,"response":"e"}in foreach: helo.three@9thsense.com, with from = helo.three@9thsense.com, event[0] = message
{"microDuration":0.018053,"robot":"helo.three@9thsense.com","status":"ok","version":"0.9","latency":0.022387981414795,"response":"e"}PHP Warning:  socket_write(): unable to write to socket [104]: Connection reset by peer in /var/www/9thsense/tc2/xmpp-talk-daemon.php on line 63
in foreach: helo.three@9thsense.com, with from = helo.three@9thsense.com, event[0] = message
{"microDuration":0.018378,"robot":"helo.three@9thsense.com","status":"ok","version":"0.9","latency":0.022600889205933,"response":"e"}PHP Warning:  socket_write(): unable to write to socket [32]: Broken pipe in /var/www/9thsense/tc2/xmpp-talk-daemon.php on line 63
in foreach: helo.three@9thsense.com, with from = helo.three@9thsense.com, event[0] = message
{"microDuration":0.018673,"robot":"helo.three@9thsense.com","status":"ok","version":"0.9","latency":0.022899866104126,"response":"e"}PHP Warning:  socket_write(): unable to write to socket [32]: Broken pipe in /var/www/9thsense/tc2/xmpp-talk-daemon.php on line 63
in foreach: helo.three@9thsense.com, with from = helo.three@9thsense.com, event[0] = message
{"microDuration":0.018854,"robot":"helo.three@9thsense.com","status":"ok","version":"0.9","latency":0.023067951202393,"response":"e"}PHP Warning:  socket_write(): unable to write to socket [32]: Broken pipe in /var/www/9thsense/tc2/xmpp-talk-daemon.php on line 63
in foreach: helo.three@9thsense.com, with from = helo.three@9thsense.com, event[0] = message
{"microDuration":0.019018,"robot":"helo.three@9thsense.com","status":"ok","version":"0.9","latency":0.023229837417603,"response":"e"}PHP Warning:  socket_write(): unable to write to socket [32]: Broken pipe in /var/www/9thsense/tc2/xmpp-talk-daemon.php on line 63
in foreach: helo.three@9thsense.com, with from = helo.three@9thsense.com, event[0] = message
{"microDuration":0.019178,"robot":"helo.three@9thsense.com","status":"ok","version":"0.9","latency":0.023388862609863,"response":"e"}PHP Warning:  socket_write(): unable to write to socket [32]: Broken pipe in /var/www/9thsense/tc2/xmpp-talk-daemon.php on line 63
in foreach: helo.three@9thsense.com, with from = helo.three@9thsense.com, event[0] = message
{"microDuration":0.019338,"robot":"helo.three@9thsense.com","status":"ok","version":"0.9","latency":0.023555994033813,"response":"e"}PHP Warning:  socket_write(): unable to write to socket [32]: Broken pipe in /var/www/9thsense/tc2/xmpp-talk-daemon.php on line 63
in foreach: helo.three@9thsense.com, with from = helo.three@9thsense.com, event[0] = message
{"microDuration":0.019506,"robot":"helo.three@9thsense.com","status":"ok","version":"0.9","latency":0.023717880249023,"response":"e"}PHP Warning:  socket_write(): unable to write to socket [32]: Broken pipe in /var/www/9thsense/tc2/xmpp-talk-daemon.php on line 63
in foreach: helo.three@9thsense.com, with from = helo.three@9thsense.com, event[0] = message
{"microDuration":0.019665,"robot":"helo.three@9thsense.com","status":"ok","version":"0.9","latency":0.023874998092651,"response":"e"}PHP Warning:  socket_write(): unable to write to socket [32]: Broken pipe in /var/www/9thsense/tc2/xmpp-talk-daemon.php on line 63
in foreach: helo.three@9thsense.com, with from = helo.three@9thsense.com, event[0] = message
{"microDuration":0.019823,"robot":"helo.three@9thsense.com","status":"ok","version":"0.9","latency":0.024032831192017,"response":"e"}PHP Warning:  socket_write(): unable to write to socket [32]: Broken pipe in /var/www/9thsense/tc2/xmpp-talk-daemon.php on line 63
got something
in foreach: helo.three@9thsense.com, with from = helo.three@9thsense.com, event[0] = message
{"microDuration":0.005718,"robot":"helo.three@9thsense.com","status":"ok","version":"0.9","latency":0.006256103515625,"response":"e"}in foreach: helo.three@9thsense.com, with from = helo.three@9thsense.com, event[0] = message
{"microDuration":0.005904,"robot":"helo.three@9thsense.com","status":"ok","version":"0.9","latency":0.0064160823822021,"response":"e"}in foreach: helo.three@9thsense.com, with from = helo.three@9thsense.com, event[0] = message
{"microDuration":0.00607,"robot":"helo.three@9thsense.com","status":"ok","version":"0.9","latency":0.0065581798553467,"response":"e"}in foreach: helo.three@9thsense.com, with from = helo.three@9thsense.com, event[0] = message
{"microDuration":0.006184,"robot":"helo.three@9thsense.com","status":"ok","version":"0.9","latency":0.0066871643066406,"response":"e"}got something
got something
in foreach: helo.three@9thsense.com, with from = helo.three@9thsense.com, event[0] = message
{"microDuration":0.002039,"robot":"helo.three@9thsense.com","status":"ok","version":"0.9","latency":0.0042269229888916,"response":"e"}in foreach: helo.three@9thsense.com, with from = helo.three@9thsense.com, event[0] = message
{"microDuration":0.002884,"robot":"helo.three@9thsense.com","status":"ok","version":"0.9","latency":0.0050618648529053,"response":"e"}got something
in foreach: helo.three@9thsense.com, with from = helo.three@9thsense.com, event[0] = message
{"microDuration":0.001554,"robot":"helo.three@9thsense.com","status":"ok","version":"0.9","latency":0.0036389827728271,"response":"e"}got something
in foreach: helo.three@9thsense.com, with from = helo.three@9thsense.com, event[0] = message
{"microDuration":0.00129,"robot":"helo.three@9thsense.com","status":"ok","version":"0.9","latency":0.0036289691925049,"response":"e"}got something
in foreach: helo.three@9thsense.com, with from = helo.three@9thsense.com, event[0] = message
{"microDuration":0.0020520000000001,"robot":"helo.three@9thsense.com","status":"ok","version":"0.9","latency":0.00649094581604,"response":"e"}got something
in foreach: helo.three@9thsense.com, with from = helo.three@9thsense.com, event[0] = message
{"microDuration":0.002007,"robot":"helo.three@9thsense.com","status":"ok","version":"0.9","latency":0.0043699741363525,"response":"e"}got something
in foreach: helo.three@9thsense.com, with from = helo.three@9thsense.com, event[0] = message
{"microDuration":0.034512,"robot":"helo.three@9thsense.com","status":"ok","version":"0.9","latency":0.035171031951904,"response":"e"}got something
in foreach: helo.three@9thsense.com, with from = helo.three@9thsense.com, event[0] = message
{"microDuration":0.050552,"robot":"helo.three@9thsense.com","status":"ok","version":"0.9","latency":0.054343223571777,"response":"e"}got something
in foreach: helo.three@9thsense.com, with from = helo.three@9thsense.com, event[0] = message
{"microDuration":0.150954,"robot":"helo.three@9thsense.com","status":"ok","version":"0.9","latency":0.15335893630981,"response":"e"}got something
in foreach: helo.three@9thsense.com, with from = helo.three@9thsense.com, event[0] = message
{"microDuration":0.001148,"robot":"helo.three@9thsense.com","status":"ok","version":"0.9","latency":0.0016689300537109,"response":"e"}got something
in foreach: helo.three@9thsense.com, with from = helo.three@9thsense.com, event[0] = message
{"microDuration":0.00124,"robot":"helo.three@9thsense.com","status":"ok","version":"0.9","latency":0.0036840438842773,"response":"e"}got something
in foreach: helo.three@9thsense.com, with from = helo.three@9thsense.com, event[0] = message
{"microDuration":0.001291,"robot":"helo.three@9thsense.com","status":"ok","version":"0.9","latency":0.004040002822876,"response":"e"}got something
in foreach: helo.three@9thsense.com, with from = helo.three@9thsense.com, event[0] = message
{"microDuration":0.002186,"robot":"helo.three@9thsense.com","status":"ok","version":"0.9","latency":0.0061280727386475,"response":"e"}got something
got something
in foreach: helo.three@9thsense.com, with from = helo.three@9thsense.com, event[0] = message
{"microDuration":0.128393,"robot":"helo.three@9thsense.com","status":"ok","version":"0.9","latency":0.13052320480347,"response":"e"}got something
in foreach: helo.three@9thsense.com, with from = helo.three@9thsense.com, event[0] = message
{"microDuration":0.003699,"robot":"helo.three@9thsense.com","status":"ok","version":"0.9","latency":0.008275032043457,"response":"e"}in foreach: helo.three@9thsense.com, with from = helo.three@9thsense.com, event[0] = message
{"microDuration":0.005024,"robot":"helo.three@9thsense.com","status":"ok","version":"0.9","latency":0.0093939304351807,"response":"e"}got something
got something
got something
got something
got something
got something
got something
got something
got something
got something
in foreach: helo.three@9thsense.com, with from = helo.three@9thsense.com, event[0] = message
{"microDuration":0.237961,"robot":"helo.three@9thsense.com","status":"ok","version":"0.9","latency":0.24275922775269,"response":"e"}got something
got something
got something
in foreach: helo.three@9thsense.com, with from = helo.three@9thsense.com, event[0] = message
{"microDuration":0.020421,"robot":"helo.three@9thsense.com","status":"ok","version":"0.9","latency":0.024415969848633,"response":"e"}in foreach: helo.three@9thsense.com, with from = helo.three@9thsense.com, event[0] = message
{"microDuration":0.026834,"robot":"helo.three@9thsense.com","status":"ok","version":"0.9","latency":0.030860900878906,"response":"e"}in foreach: helo.three@9thsense.com, with from = helo.three@9thsense.com, event[0] = message
{"microDuration":0.027092,"robot":"helo.three@9thsense.com","status":"ok","version":"0.9","latency":0.031003952026367,"response":"e"}PHP Warning:  socket_write(): unable to write to socket [32]: Broken pipe in /var/www/9thsense/tc2/xmpp-talk-daemon.php on line 63
in foreach: helo.three@9thsense.com, with from = helo.three@9thsense.com, event[0] = message
{"microDuration":0.027201,"robot":"helo.three@9thsense.com","status":"ok","version":"0.9","latency":0.031122922897339,"response":"e"}PHP Warning:  socket_write(): unable to write to socket [32]: Broken pipe in /var/www/9thsense/tc2/xmpp-talk-daemon.php on line 63
in foreach: helo.three@9thsense.com, with from = helo.three@9thsense.com, event[0] = message
{"microDuration":0.027304,"robot":"helo.three@9thsense.com","status":"ok","version":"0.9","latency":0.031208038330078,"response":"e"}PHP Warning:  socket_write(): unable to write to socket [32]: Broken pipe in /var/www/9thsense/tc2/xmpp-talk-daemon.php on line 63
in foreach: helo.three@9thsense.com, with from = helo.three@9thsense.com, event[0] = message
{"microDuration":0.027387,"robot":"helo.three@9thsense.com","status":"ok","version":"0.9","latency":0.031296014785767,"response":"e"}PHP Warning:  socket_write(): unable to write to socket [32]: Broken pipe in /var/www/9thsense/tc2/xmpp-talk-daemon.php on line 63
in foreach: helo.three@9thsense.com, with from = helo.three@9thsense.com, event[0] = message
{"microDuration":0.027475,"robot":"helo.three@9thsense.com","status":"ok","version":"0.9","latency":0.031378030776978,"response":"e"}PHP Warning:  socket_write(): unable to write to socket [32]: Broken pipe in /var/www/9thsense/tc2/xmpp-talk-daemon.php on line 63
in foreach: helo.three@9thsense.com, with from = helo.three@9thsense.com, event[0] = message
{"microDuration":0.027556,"robot":"helo.three@9thsense.com","status":"ok","version":"0.9","latency":0.031459093093872,"response":"e"}PHP Warning:  socket_write(): unable to write to socket [32]: Broken pipe in /var/www/9thsense/tc2/xmpp-talk-daemon.php on line 63
in foreach: helo.three@9thsense.com, with from = helo.three@9thsense.com, event[0] = message
{"microDuration":0.027637,"robot":"helo.three@9thsense.com","status":"ok","version":"0.9","latency":0.031539916992188,"response":"e"}PHP Warning:  socket_write(): unable to write to socket [32]: Broken pipe in /var/www/9thsense/tc2/xmpp-talk-daemon.php on line 63
in foreach: helo.three@9thsense.com, with from = helo.three@9thsense.com, event[0] = message
{"microDuration":0.02772,"robot":"helo.three@9thsense.com","status":"ok","version":"0.9","latency":0.031621932983398,"response":"e"}PHP Warning:  socket_write(): unable to write to socket [32]: Broken pipe in /var/www/9thsense/tc2/xmpp-talk-daemon.php on line 63
in foreach: helo.three@9thsense.com, with from = helo.three@9thsense.com, event[0] = message
{"microDuration":0.027845,"robot":"helo.three@9thsense.com","status":"ok","version":"0.9","latency":0.031790971755981,"response":"e"}PHP Warning:  socket_write(): unable to write to socket [32]: Broken pipe in /var/www/9thsense/tc2/xmpp-talk-daemon.php on line 63
got something
in foreach: helo.three@9thsense.com, with from = helo.three@9thsense.com, event[0] = message
{"microDuration":0.25287,"robot":"helo.three@9thsense.com","status":"ok","version":"0.9","latency":0.25526213645935,"response":"e"}got something
in foreach: helo.three@9thsense.com, with from = helo.three@9thsense.com, event[0] = message
{"microDuration":0.001366,"robot":"helo.three@9thsense.com","status":"ok","version":"0.9","latency":0.0019659996032715,"response":"e"}got something
in foreach: helo.three@9thsense.com, with from = helo.three@9thsense.com, event[0] = message
{"microDuration":0.002356,"robot":"helo.three@9thsense.com","status":"ok","version":"0.9","latency":0.0065319538116455,"response":"e"}got something
in foreach: helo.three@9thsense.com, with from = helo.three@9thsense.com, event[0] = message
{"microDuration":0.037667,"robot":"helo.three@9thsense.com","status":"ok","version":"0.9","latency":0.040097951889038,"response":"e"}got something
in foreach: helo.three@9thsense.com, with from = helo.three@9thsense.com, event[0] = message
{"microDuration":0.001742,"robot":"helo.three@9thsense.com","status":"ok","version":"0.9","latency":0.003978967666626,"response":"e"}got something
in foreach: helo.three@9thsense.com, with from = helo.three@9thsense.com, event[0] = message
{"microDuration":0.217423,"robot":"helo.three@9thsense.com","status":"ok","version":"0.9","latency":0.22025513648987,"response":"e"}got something
in foreach: helo.three@9thsense.com, with from = helo.three@9thsense.com, event[0] = message
{"microDuration":0.049987,"robot":"helo.three@9thsense.com","status":"ok","version":"0.9","latency":0.052538156509399,"response":"e"}got something
in foreach: helo.three@9thsense.com, with from = helo.three@9thsense.com, event[0] = message
{"microDuration":0.0012490000000001,"robot":"helo.three@9thsense.com","status":"ok","version":"0.9","latency":0.0017900466918945,"response":"e"}got something
in foreach: helo.three@9thsense.com, with from = helo.three@9thsense.com, event[0] = message
{"microDuration":0.232339,"robot":"helo.three@9thsense.com","status":"ok","version":"0.9","latency":0.23304605484009,"response":"e"}got something
in foreach: helo.three@9thsense.com, with from = helo.three@9thsense.com, event[0] = message
{"microDuration":0.096119,"robot":"helo.three@9thsense.com","status":"ok","version":"0.9","latency":0.096763849258423,"response":"e"}got something
in foreach: helo.three@9thsense.com, with from = helo.three@9thsense.com, event[0] = message
{"microDuration":0.001464,"robot":"helo.three@9thsense.com","status":"ok","version":"0.9","latency":0.0040009021759033,"response":"e"}got something
in foreach: helo.three@9thsense.com, with from = helo.three@9thsense.com, event[0] = message
{"microDuration":0.002278,"robot":"helo.three@9thsense.com","status":"ok","version":"0.9","latency":0.0065231323242188,"response":"e"}got something
in foreach: helo.three@9thsense.com, with from = helo.three@9thsense.com, event[0] = message
{"microDuration":0.001268,"robot":"helo.three@9thsense.com","status":"ok","version":"0.9","latency":0.0037980079650879,"response":"e"}got something
in foreach: helo.three@9thsense.com, with from = helo.three@9thsense.com, event[0] = message
{"microDuration":0.002312,"robot":"helo.three@9thsense.com","status":"ok","version":"0.9","latency":0.0073060989379883,"response":"e"}got something
in foreach: helo.three@9thsense.com, with from = helo.three@9thsense.com, event[0] = message
{"microDuration":0.001382,"robot":"helo.three@9thsense.com","status":"ok","version":"0.9","latency":0.0050210952758789,"response":"e"}got something
in foreach: helo.three@9thsense.com, with from = helo.three@9thsense.com, event[0] = message
{"microDuration":0.002705,"robot":"helo.three@9thsense.com","status":"ok","version":"0.9","latency":0.0071010589599609,"response":"e"}got something
in foreach: helo.three@9thsense.com, with from = helo.three@9thsense.com, event[0] = message
{"microDuration":0.001242,"robot":"helo.three@9thsense.com","status":"ok","version":"0.9","latency":0.001788854598999,"response":"e"}got something
got something
in foreach: helo.three@9thsense.com, with from = helo.three@9thsense.com, event[0] = message
{"microDuration":0.003834,"robot":"helo.three@9thsense.com","status":"ok","version":"0.9","latency":0.0043690204620361,"response":"e"}in foreach: helo.three@9thsense.com, with from = helo.three@9thsense.com, event[0] = message
{"microDuration":0.0040070000000001,"robot":"helo.three@9thsense.com","status":"ok","version":"0.9","latency":0.0045289993286133,"response":"e"}got something
in foreach: helo.three@9thsense.com, with from = helo.three@9thsense.com, event[0] = message
{"microDuration":0.001391,"robot":"helo.three@9thsense.com","status":"ok","version":"0.9","latency":0.0041029453277588,"response":"e"}got something
in foreach: helo.three@9thsense.com, with from = helo.three@9thsense.com, event[0] = message
{"microDuration":0.001329,"robot":"helo.three@9thsense.com","status":"ok","version":"0.9","latency":0.0018770694732666,"response":"e"}got something
in foreach: helo.three@9thsense.com, with from = helo.three@9thsense.com, event[0] = message
{"microDuration":0.0014639999999999,"robot":"helo.three@9thsense.com","status":"ok","version":"0.9","latency":0.0038321018218994,"response":"e"}got something
in foreach: helo.three@9thsense.com, with from = helo.three@9thsense.com, event[0] = message
{"microDuration":0.001522,"robot":"helo.three@9thsense.com","status":"ok","version":"0.9","latency":0.0054848194122314,"response":"e"}got something
in foreach: helo.three@9thsense.com, with from = helo.three@9thsense.com, event[0] = message
{"microDuration":0.001346,"robot":"helo.three@9thsense.com","status":"ok","version":"0.9","latency":0.0019419193267822,"response":"e"}got something
in foreach: helo.three@9thsense.com, with from = helo.three@9thsense.com, event[0] = message
{"microDuration":0.209961,"robot":"helo.three@9thsense.com","status":"ok","version":"0.9","latency":0.2140748500824,"response":"e"}got something
in foreach: helo.three@9thsense.com, with from = helo.three@9thsense.com, event[0] = message
{"microDuration":0.002249,"robot":"helo.three@9thsense.com","status":"ok","version":"0.9","latency":0.0068130493164062,"response":"e"}got something
in foreach: helo.three@9thsense.com, with from = helo.three@9thsense.com, event[0] = message
{"microDuration":0.039018,"robot":"helo.three@9thsense.com","status":"ok","version":"0.9","latency":0.039748907089233,"response":"e"}got something
in foreach: helo.three@9thsense.com, with from = helo.three@9thsense.com, event[0] = message
{"microDuration":0.001542,"robot":"helo.three@9thsense.com","status":"ok","version":"0.9","latency":0.0021321773529053,"response":"e"}got something
in foreach: helo.three@9thsense.com, with from = helo.three@9thsense.com, event[0] = message
{"microDuration":0.055341,"robot":"helo.three@9thsense.com","status":"ok","version":"0.9","latency":0.059732913970947,"response":"e"}got something
in foreach: helo.three@9thsense.com, with from = helo.three@9thsense.com, event[0] = message
{"microDuration":0.001235,"robot":"helo.three@9thsense.com","status":"ok","version":"0.9","latency":0.0034101009368896,"response":"e"}got something
in foreach: helo.three@9thsense.com, with from = helo.three@9thsense.com, event[0] = message
{"microDuration":0.172681,"robot":"helo.three@9thsense.com","status":"ok","version":"0.9","latency":0.1758861541748,"response":"e"}got something
in foreach: helo.three@9thsense.com, with from = helo.three@9thsense.com, event[0] = message
{"microDuration":0.001377,"robot":"helo.three@9thsense.com","status":"ok","version":"0.9","latency":0.0038800239562988,"response":"e"}got something
in foreach: helo.three@9thsense.com, with from = helo.three@9thsense.com, event[0] = message
{"microDuration":0.001229,"robot":"helo.three@9thsense.com","status":"ok","version":"0.9","latency":0.0019490718841553,"response":"e"}got something
in foreach: helo.three@9thsense.com, with from = helo.three@9thsense.com, event[0] = message
{"microDuration":0.129491,"robot":"helo.three@9thsense.com","status":"ok","version":"0.9","latency":0.1318531036377,"response":"e"}got something
in foreach: helo.three@9thsense.com, with from = helo.three@9thsense.com, event[0] = message
{"microDuration":0.001239,"robot":"helo.three@9thsense.com","status":"ok","version":"0.9","latency":0.0017828941345215,"response":"e"}got something
in foreach: helo.three@9thsense.com, with from = helo.three@9thsense.com, event[0] = message
{"microDuration":0.038269,"robot":"helo.three@9thsense.com","status":"ok","version":"0.9","latency":0.038878917694092,"response":"e"}got something
in foreach: helo.three@9thsense.com, with from = helo.three@9thsense.com, event[0] = message
{"microDuration":0.002458,"robot":"helo.three@9thsense.com","status":"ok","version":"0.9","latency":0.0070650577545166,"response":"e"}got something
in foreach: helo.three@9thsense.com, with from = helo.three@9thsense.com, event[0] = message
{"microDuration":0.124139,"robot":"helo.three@9thsense.com","status":"ok","version":"0.9","latency":0.1298131942749,"response":"e"}got something
in foreach: helo.three@9thsense.com, with from = helo.three@9thsense.com, event[0] = message
{"microDuration":0.456299,"robot":"helo.three@9thsense.com","status":"ok","version":"0.9","latency":0.45865988731384,"response":"e"}got something
got something
in foreach: helo.three@9thsense.com, with from = helo.three@9thsense.com, event[0] = message
{"microDuration":0.002331,"robot":"helo.three@9thsense.com","status":"ok","version":"0.9","latency":0.0070271492004395,"response":"e"}got something
in foreach: helo.three@9thsense.com, with from = helo.three@9thsense.com, event[0] = message
{"microDuration":0.0043890000000001,"robot":"helo.three@9thsense.com","status":"ok","version":"0.9","latency":0.0086848735809326,"response":"e"}in foreach: helo.three@9thsense.com, with from = helo.three@9thsense.com, event[0] = message
{"microDuration":0.005831,"robot":"helo.three@9thsense.com","status":"ok","version":"0.9","latency":0.010087966918945,"response":"e"}got something
in foreach: helo.three@9thsense.com, with from = helo.three@9thsense.com, event[0] = message
{"microDuration":0.001426,"robot":"helo.three@9thsense.com","status":"ok","version":"0.9","latency":0.0020160675048828,"response":"e"}got something
in foreach: helo.three@9thsense.com, with from = helo.three@9thsense.com, event[0] = message
{"microDuration":0.002708,"robot":"helo.three@9thsense.com","status":"ok","version":"0.9","latency":0.0068540573120117,"response":"e"}got something
in foreach: helo.three@9thsense.com, with from = helo.three@9thsense.com, event[0] = message
{"microDuration":0.001371,"robot":"helo.three@9thsense.com","status":"ok","version":"0.9","latency":0.0019581317901611,"response":"e"}got something
got something
got something
in foreach: helo.three@9thsense.com, with from = helo.three@9thsense.com, event[0] = message
{"microDuration":0.107147,"robot":"helo.three@9thsense.com","status":"ok","version":"0.9","latency":0.10939502716064,"response":"e"}got something
in foreach: helo.three@9thsense.com, with from = helo.three@9thsense.com, event[0] = message
{"microDuration":0.016102,"robot":"helo.three@9thsense.com","status":"ok","version":"0.9","latency":0.01838207244873,"response":"e"}got something
in foreach: helo.three@9thsense.com, with from = helo.three@9thsense.com, event[0] = message
{"microDuration":0.027808,"robot":"helo.three@9thsense.com","status":"ok","version":"0.9","latency":0.030060052871704,"response":"e"}got something
in foreach: helo.three@9thsense.com, with from = helo.three@9thsense.com, event[0] = message
{"microDuration":0.274715,"robot":"helo.three@9thsense.com","status":"ok","version":"0.9","latency":0.27543592453003,"response":"e"}got something
got something
in foreach: helo.three@9thsense.com, with from = helo.three@9thsense.com, event[0] = message
{"microDuration":0.310274,"robot":"helo.three@9thsense.com","status":"ok","version":"0.9","latency":0.31464004516602,"response":"e"}got something
in foreach: helo.three@9thsense.com, with from = helo.three@9thsense.com, event[0] = message
{"microDuration":0.114039,"robot":"helo.three@9thsense.com","status":"ok","version":"0.9","latency":0.11816811561584,"response":"e"}got something
in foreach: helo.three@9thsense.com, with from = helo.three@9thsense.com, event[0] = message
{"microDuration":0.070734,"robot":"helo.three@9thsense.com","status":"ok","version":"0.9","latency":0.074676990509033,"response":"e"}got something
in foreach: helo.three@9thsense.com, with from = helo.three@9thsense.com, event[0] = message
{"microDuration":0.002481,"robot":"helo.three@9thsense.com","status":"ok","version":"0.9","latency":0.0074520111083984,"response":"e"}got something
in foreach: helo.three@9thsense.com, with from = helo.three@9thsense.com, event[0] = message
{"microDuration":0.037677,"robot":"helo.three@9thsense.com","status":"ok","version":"0.9","latency":0.041660070419312,"response":"e"}got something
got something
in foreach: helo.three@9thsense.com, with from = helo.three@9thsense.com, event[0] = message
{"microDuration":0.495292,"robot":"helo.three@9thsense.com","status":"ok","version":"0.9","latency":0.497642993927,"response":"e"}got something
got something
in foreach: helo.three@9thsense.com, with from = helo.three@9thsense.com, event[0] = message
{"microDuration":0.006187,"robot":"helo.three@9thsense.com","status":"ok","version":"0.9","latency":0.010386943817139,"response":"e"}in foreach: helo.three@9thsense.com, with from = helo.three@9thsense.com, event[0] = message
{"microDuration":0.012567,"robot":"helo.three@9thsense.com","status":"ok","version":"0.9","latency":0.016779899597168,"response":"e"}in foreach: helo.three@9thsense.com, with from = helo.three@9thsense.com, event[0] = message
{"microDuration":0.01296,"robot":"helo.three@9thsense.com","status":"ok","version":"0.9","latency":0.017027854919434,"response":"e"}PHP Warning:  socket_write(): unable to write to socket [32]: Broken pipe in /var/www/9thsense/tc2/xmpp-talk-daemon.php on line 63
got something
in foreach: helo.three@9thsense.com, with from = helo.three@9thsense.com, event[0] = message
{"microDuration":0.002517,"robot":"helo.three@9thsense.com","status":"ok","version":"0.9","latency":0.0068709850311279,"response":"e"}got something
in foreach: helo.three@9thsense.com, with from = helo.three@9thsense.com, event[0] = message
{"microDuration":0.047593,"robot":"helo.three@9thsense.com","status":"ok","version":"0.9","latency":0.052520990371704,"response":"e"}got something
in foreach: helo.three@9thsense.com, with from = helo.three@9thsense.com, event[0] = message
{"microDuration":0.115955,"robot":"helo.three@9thsense.com","status":"ok","version":"0.9","latency":0.11991405487061,"response":"e"}got something
in foreach: helo.three@9thsense.com, with from = helo.three@9thsense.com, event[0] = message
{"microDuration":0.170169,"robot":"helo.three@9thsense.com","status":"ok","version":"0.9","latency":0.17401599884033,"response":"e"}got something
in foreach: helo.three@9thsense.com, with from = helo.three@9thsense.com, event[0] = message
{"microDuration":0.123808,"robot":"helo.three@9thsense.com","status":"ok","version":"0.9","latency":0.12676787376404,"response":"e"}got something
in foreach: helo.three@9thsense.com, with from = helo.three@9thsense.com, event[0] = message
{"microDuration":0.034725,"robot":"helo.three@9thsense.com","status":"ok","version":"0.9","latency":0.03745698928833,"response":"e"}got something
got something
in foreach: helo.three@9thsense.com, with from = helo.three@9thsense.com, event[0] = message
{"microDuration":0.015307,"robot":"helo.three@9thsense.com","status":"ok","version":"0.9","latency":0.020725965499878,"response":"e"}got something
in foreach: helo.three@9thsense.com, with from = helo.three@9thsense.com, event[0] = message
{"microDuration":0.002211,"robot":"helo.three@9thsense.com","status":"ok","version":"0.9","latency":0.0063610076904297,"response":"e"}got something
in foreach: helo.three@9thsense.com, with from = helo.three@9thsense.com, event[0] = message
{"microDuration":0.001729,"robot":"helo.three@9thsense.com","status":"ok","version":"0.9","latency":0.004061222076416,"response":"e"}got something
got something
in foreach: helo.three@9thsense.com, with from = helo.three@9thsense.com, event[0] = message
{"microDuration":0.22815,"robot":"helo.three@9thsense.com","status":"ok","version":"0.9","latency":0.23087406158447,"response":"e"}got something
in foreach: helo.three@9thsense.com, with from = helo.three@9thsense.com, event[0] = message
{"microDuration":0.116003,"robot":"helo.three@9thsense.com","status":"ok","version":"0.9","latency":0.11829900741577,"response":"e"}got something
in foreach: helo.three@9thsense.com, with from = helo.three@9thsense.com, event[0] = message
{"microDuration":0.096535,"robot":"helo.three@9thsense.com","status":"ok","version":"0.9","latency":0.097447872161865,"response":"e"}got something
in foreach: helo.three@9thsense.com, with from = helo.three@9thsense.com, event[0] = message
{"microDuration":0.098912,"robot":"helo.three@9thsense.com","status":"ok","version":"0.9","latency":0.10310697555542,"response":"e"}got something
in foreach: helo.three@9thsense.com, with from = helo.three@9thsense.com, event[0] = message
{"microDuration":0.163266,"robot":"helo.three@9thsense.com","status":"ok","version":"0.9","latency":0.1672739982605,"response":"e"}got something
in foreach: helo.three@9thsense.com, with from = helo.three@9thsense.com, event[0] = message
{"microDuration":0.019643,"robot":"helo.three@9thsense.com","status":"ok","version":"0.9","latency":0.022279024124146,"response":"e"}got something
in foreach: helo.three@9thsense.com, with from = helo.three@9thsense.com, event[0] = message
{"microDuration":0.003273,"robot":"helo.three@9thsense.com","status":"ok","version":"0.9","latency":0.0076110363006592,"response":"e"}got something
in foreach: helo.three@9thsense.com, with from = helo.three@9thsense.com, event[0] = message
{"microDuration":0.052504,"robot":"helo.three@9thsense.com","status":"ok","version":"0.9","latency":0.056979894638062,"response":"e"}got something
in foreach: helo.three@9thsense.com, with from = helo.three@9thsense.com, event[0] = message
{"microDuration":0.128034,"robot":"helo.three@9thsense.com","status":"ok","version":"0.9","latency":0.13023996353149,"response":"e"}got something
in foreach: helo.three@9thsense.com, with from = helo.three@9thsense.com, event[0] = message
{"microDuration":0.005487,"robot":"helo.three@9thsense.com","status":"ok","version":"0.9","latency":0.0093281269073486,"response":"e"}got something
in foreach: helo.three@9thsense.com, with from = helo.three@9thsense.com, event[0] = message
{"microDuration":0.036429,"robot":"helo.three@9thsense.com","status":"ok","version":"0.9","latency":0.039073944091797,"response":"e"}got something
in foreach: helo.three@9thsense.com, with from = helo.three@9thsense.com, event[0] = message
{"microDuration":0.069562,"robot":"helo.three@9thsense.com","status":"ok","version":"0.9","latency":0.074465990066528,"response":"e"}got something
in foreach: helo.three@9thsense.com, with from = helo.three@9thsense.com, event[0] = message
{"microDuration":0.208588,"robot":"helo.three@9thsense.com","status":"ok","version":"0.9","latency":0.21103286743164,"response":"e"}got something
in foreach: helo.three@9thsense.com, with from = helo.three@9thsense.com, event[0] = message
{"microDuration":0.001597,"robot":"helo.three@9thsense.com","status":"ok","version":"0.9","latency":0.0035979747772217,"response":"e"}got something
got something
in foreach: helo.three@9thsense.com, with from = helo.three@9thsense.com, event[0] = message
{"microDuration":0.002403,"robot":"helo.three@9thsense.com","status":"ok","version":"0.9","latency":0.0074639320373535,"response":"e"}got something
in foreach: helo.three@9thsense.com, with from = helo.three@9thsense.com, event[0] = message
{"microDuration":0.007462,"robot":"helo.three@9thsense.com","status":"ok","version":"0.9","latency":0.01187801361084,"response":"e"}got something
in foreach: helo.three@9thsense.com, with from = helo.three@9thsense.com, event[0] = message
{"microDuration":0.008707,"robot":"helo.three@9thsense.com","status":"ok","version":"0.9","latency":0.0093681812286377,"response":"e"}got something
got something
in foreach: helo.three@9thsense.com, with from = helo.three@9thsense.com, event[0] = message
{"microDuration":0.422348,"robot":"helo.three@9thsense.com","status":"ok","version":"0.9","latency":0.42677998542786,"response":"e"}in foreach: helo.three@9thsense.com, with from = helo.three@9thsense.com, event[0] = message
{"microDuration":0.423853,"robot":"helo.three@9thsense.com","status":"ok","version":"0.9","latency":0.428218126297,"response":"e"}got something
in foreach: helo.three@9thsense.com, with from = helo.three@9thsense.com, event[0] = message
{"microDuration":0.039679,"robot":"helo.three@9thsense.com","status":"ok","version":"0.9","latency":0.044189929962158,"response":"e"}got something
got something
in foreach: helo.three@9thsense.com, with from = helo.three@9thsense.com, event[0] = message
{"microDuration":0.719004,"robot":"helo.three@9thsense.com","status":"ok","version":"0.9","latency":0.72617697715759,"response":"e"}got something
got something
in foreach: helo.three@9thsense.com, with from = helo.three@9thsense.com, event[0] = message
{"microDuration":0.049979,"robot":"helo.three@9thsense.com","status":"ok","version":"0.9","latency":0.053935050964355,"response":"e"}got something
in foreach: helo.three@9thsense.com, with from = helo.three@9thsense.com, event[0] = message
{"microDuration":0.196897,"robot":"helo.three@9thsense.com","status":"ok","version":"0.9","latency":0.19925093650818,"response":"e"}got something
in foreach: helo.three@9thsense.com, with from = helo.three@9thsense.com, event[0] = message
{"microDuration":0.408928,"robot":"helo.three@9thsense.com","status":"ok","version":"0.9","latency":0.41460013389587,"response":"e"}got something
in foreach: helo.three@9thsense.com, with from = helo.three@9thsense.com, event[0] = message
{"microDuration":0.002439,"robot":"helo.three@9thsense.com","status":"ok","version":"0.9","latency":0.0078630447387695,"response":"e"}got something
got something
in foreach: helo.three@9thsense.com, with from = helo.three@9thsense.com, event[0] = message
{"microDuration":0.132742,"robot":"helo.three@9thsense.com","status":"ok","version":"0.9","latency":0.13812398910522,"response":"e"}got something
in foreach: helo.three@9thsense.com, with from = helo.three@9thsense.com, event[0] = message
{"microDuration":0.002336,"robot":"helo.three@9thsense.com","status":"ok","version":"0.9","latency":0.0060601234436035,"response":"e"}got something
got something
got something
got something
got something
got something
got something
got something
in foreach: helo.three@9thsense.com, with from = helo.three@9thsense.com, event[0] = message
{"microDuration":0.471594,"robot":"helo.three@9thsense.com","status":"ok","version":"0.9","latency":0.47399401664734,"response":"e"}got something
in foreach: helo.three@9thsense.com, with from = helo.three@9thsense.com, event[0] = message
{"microDuration":0.021282,"robot":"helo.three@9thsense.com","status":"ok","version":"0.9","latency":0.02385401725769,"response":"e"}got something
got something
in foreach: helo.three@9thsense.com, with from = helo.three@9thsense.com, event[0] = message
{"microDuration":0.855879,"robot":"helo.three@9thsense.com","status":"ok","version":"0.9","latency":0.85858607292175,"response":"e"}in foreach: helo.three@9thsense.com, with from = helo.three@9thsense.com, event[0] = message
{"microDuration":0.865894,"robot":"helo.three@9thsense.com","status":"ok","version":"0.9","latency":0.86867809295654,"response":"e"}in foreach: helo.three@9thsense.com, with from = helo.three@9thsense.com, event[0] = message
{"microDuration":0.866364,"robot":"helo.three@9thsense.com","status":"ok","version":"0.9","latency":0.86897397041321,"response":"e"}in foreach: helo.three@9thsense.com, with from = helo.three@9thsense.com, event[0] = message
{"microDuration":0.866577,"robot":"helo.three@9thsense.com","status":"ok","version":"0.9","latency":0.86921000480652,"response":"e"}in foreach: helo.three@9thsense.com, with from = helo.three@9thsense.com, event[0] = message
{"microDuration":0.866801,"robot":"helo.three@9thsense.com","status":"ok","version":"0.9","latency":0.86940813064575,"response":"e"}got something
got something
in foreach: helo.three@9thsense.com, with from = helo.three@9thsense.com, event[0] = message
{"microDuration":0.202025,"robot":"helo.three@9thsense.com","status":"ok","version":"0.9","latency":0.20442819595337,"response":"e"}got something
in foreach: helo.three@9thsense.com, with from = helo.three@9thsense.com, event[0] = message
{"microDuration":0.045591,"robot":"helo.three@9thsense.com","status":"ok","version":"0.9","latency":0.048817157745361,"response":"e"}got something
in foreach: helo.three@9thsense.com, with from = helo.three@9thsense.com, event[0] = message
{"microDuration":0.003111,"robot":"helo.three@9thsense.com","status":"ok","version":"0.9","latency":0.0036709308624268,"response":"e"}in foreach: helo.three@9thsense.com, with from = helo.three@9thsense.com, event[0] = message
{"microDuration":0.00328,"robot":"helo.three@9thsense.com","status":"ok","version":"0.9","latency":0.0037930011749268,"response":"e"}in foreach: helo.three@9thsense.com, with from = helo.three@9thsense.com, event[0] = message
{"microDuration":0.003372,"robot":"helo.three@9thsense.com","status":"ok","version":"0.9","latency":0.0038809776306152,"response":"e"}got something
got something
got something
got something
got something
got something
got something
got something
got something
in foreach: helo.three@9thsense.com, with from = helo.three@9thsense.com, event[0] = message
{"microDuration":0.013649,"robot":"helo.three@9thsense.com","status":"ok","version":"0.9","latency":0.014494895935059,"response":"e"}in foreach: helo.three@9thsense.com, with from = helo.three@9thsense.com, event[0] = message
{"microDuration":0.014937,"robot":"helo.three@9thsense.com","status":"ok","version":"0.9","latency":0.015580892562866,"response":"e"}in foreach: helo.three@9thsense.com, with from = helo.three@9thsense.com, event[0] = message
{"microDuration":0.015088,"robot":"helo.three@9thsense.com","status":"ok","version":"0.9","latency":0.015695095062256,"response":"e"}in foreach: helo.three@9thsense.com, with from = helo.three@9thsense.com, event[0] = message
{"microDuration":0.015181,"robot":"helo.three@9thsense.com","status":"ok","version":"0.9","latency":0.015996932983398,"response":"e"}in foreach: helo.three@9thsense.com, with from = helo.three@9thsense.com, event[0] = message
{"microDuration":0.032211,"robot":"helo.three@9thsense.com","status":"ok","version":"0.9","latency":0.033025979995728,"response":"e"}in foreach: helo.three@9thsense.com, with from = helo.three@9thsense.com, event[0] = message
{"microDuration":0.032572,"robot":"helo.three@9thsense.com","status":"ok","version":"0.9","latency":0.033238887786865,"response":"e"}in foreach: helo.three@9thsense.com, with from = helo.three@9thsense.com, event[0] = message
{"microDuration":0.032764,"robot":"helo.three@9thsense.com","status":"ok","version":"0.9","latency":0.033427000045776,"response":"e"}in foreach: helo.three@9thsense.com, with from = helo.three@9thsense.com, event[0] = message
{"microDuration":0.032944,"robot":"helo.three@9thsense.com","status":"ok","version":"0.9","latency":0.033595085144043,"response":"e"}in foreach: helo.three@9thsense.com, with from = helo.three@9thsense.com, event[0] = message
{"microDuration":0.033113,"robot":"helo.three@9thsense.com","status":"ok","version":"0.9","latency":0.033761978149414,"response":"e"}in foreach: helo.three@9thsense.com, with from = helo.three@9thsense.com, event[0] = message
{"microDuration":0.033281,"robot":"helo.three@9thsense.com","status":"ok","version":"0.9","latency":0.033931016921997,"response":"e"}in foreach: helo.three@9thsense.com, with from = helo.three@9thsense.com, event[0] = message
{"microDuration":0.033487,"robot":"helo.three@9thsense.com","status":"ok","version":"0.9","latency":0.034138917922974,"response":"e"}got something
in foreach: helo.three@9thsense.com, with from = helo.three@9thsense.com, event[0] = message
{"microDuration":0.221381,"robot":"helo.three@9thsense.com","status":"ok","version":"0.9","latency":0.2237720489502,"response":"e"}in foreach: helo.three@9thsense.com, with from = helo.three@9thsense.com, event[0] = message
{"microDuration":0.223054,"robot":"helo.three@9thsense.com","status":"ok","version":"0.9","latency":0.22526407241821,"response":"e"}in foreach: helo.three@9thsense.com, with from = helo.three@9thsense.com, event[0] = message
{"microDuration":0.223331,"robot":"helo.three@9thsense.com","status":"ok","version":"0.9","latency":0.22548198699951,"response":"e"}in foreach: helo.three@9thsense.com, with from = helo.three@9thsense.com, event[0] = message
{"microDuration":0.223515,"robot":"helo.three@9thsense.com","status":"ok","version":"0.9","latency":0.22565817832947,"response":"e"}got something
in foreach: helo.three@9thsense.com, with from = helo.three@9thsense.com, event[0] = message
{"microDuration":0.002871,"robot":"helo.three@9thsense.com","status":"ok","version":"0.9","latency":0.0071980953216553,"response":"e"}got something
got something
in foreach: helo.three@9thsense.com, with from = helo.three@9thsense.com, event[0] = message
{"microDuration":0.483415,"robot":"helo.three@9thsense.com","status":"ok","version":"0.9","latency":0.48750996589661,"response":"e"}got something
in foreach: helo.three@9thsense.com, with from = helo.three@9thsense.com, event[0] = message
{"microDuration":0.143053,"robot":"helo.three@9thsense.com","status":"ok","version":"0.9","latency":0.14689588546753,"response":"e"}got something
got something
in foreach: helo.three@9thsense.com, with from = helo.three@9thsense.com, event[0] = message
{"microDuration":0.046098,"robot":"helo.three@9thsense.com","status":"ok","version":"0.9","latency":0.048265933990479,"response":"e"}got something
in foreach: helo.three@9thsense.com, with from = helo.three@9thsense.com, event[0] = message
{"microDuration":0.0015879999999999,"robot":"helo.three@9thsense.com","status":"ok","version":"0.9","latency":0.0038399696350098,"response":"e"}got something
in foreach: helo.three@9thsense.com, with from = helo.three@9thsense.com, event[0] = message
{"microDuration":0.082766,"robot":"helo.three@9thsense.com","status":"ok","version":"0.9","latency":0.085036039352417,"response":"e"}got something
in foreach: helo.three@9thsense.com, with from = helo.three@9thsense.com, event[0] = message
{"microDuration":0.001598,"robot":"helo.three@9thsense.com","status":"ok","version":"0.9","latency":0.004284143447876,"response":"e"}got something
in foreach: helo.three@9thsense.com, with from = helo.three@9thsense.com, event[0] = message
{"microDuration":0.134147,"robot":"helo.three@9thsense.com","status":"ok","version":"0.9","latency":0.13530302047729,"response":"e"}got something
in foreach: helo.three@9thsense.com, with from = helo.three@9thsense.com, event[0] = message
{"microDuration":0.261219,"robot":"helo.three@9thsense.com","status":"ok","version":"0.9","latency":0.26506805419922,"response":"e"}got something
in foreach: helo.three@9thsense.com, with from = helo.three@9thsense.com, event[0] = message
{"microDuration":0.163258,"robot":"helo.three@9thsense.com","status":"ok","version":"0.9","latency":0.16535997390747,"response":"e"}got something
got something
in foreach: helo.three@9thsense.com, with from = helo.three@9thsense.com, event[0] = message
{"microDuration":0.001467,"robot":"helo.three@9thsense.com","status":"ok","version":"0.9","latency":0.0040979385375977,"response":"e"}got something
in foreach: helo.three@9thsense.com, with from = helo.three@9thsense.com, event[0] = message
{"microDuration":0.001553,"robot":"helo.three@9thsense.com","status":"ok","version":"0.9","latency":0.0041971206665039,"response":"e"}got something
in foreach: helo.three@9thsense.com, with from = helo.three@9thsense.com, event[0] = message
{"microDuration":0.071361,"robot":"helo.three@9thsense.com","status":"ok","version":"0.9","latency":0.073683977127075,"response":"e"}got something
in foreach: helo.three@9thsense.com, with from = helo.three@9thsense.com, event[0] = message
{"microDuration":0.312076,"robot":"helo.three@9thsense.com","status":"ok","version":"0.9","latency":0.31635284423828,"response":"e"}got something
in foreach: helo.three@9thsense.com, with from = helo.three@9thsense.com, event[0] = message
{"microDuration":0.03581,"robot":"helo.three@9thsense.com","status":"ok","version":"0.9","latency":0.040736198425293,"response":"e"}got something
in foreach: helo.three@9thsense.com, with from = helo.three@9thsense.com, event[0] = message
{"microDuration":0.006839,"robot":"helo.three@9thsense.com","status":"ok","version":"0.9","latency":0.0076010227203369,"response":"e"}got something
in foreach: helo.three@9thsense.com, with from = helo.three@9thsense.com, event[0] = message
{"microDuration":0.163563,"robot":"helo.three@9thsense.com","status":"ok","version":"0.9","latency":0.16586399078369,"response":"e"}got something
in foreach: helo.three@9thsense.com, with from = helo.three@9thsense.com, event[0] = message
{"microDuration":0.110442,"robot":"helo.three@9thsense.com","status":"ok","version":"0.9","latency":0.11383390426636,"response":"e"}got something
in foreach: helo.three@9thsense.com, with from = helo.three@9thsense.com, event[0] = message
{"microDuration":0.002674,"robot":"helo.three@9thsense.com","status":"ok","version":"0.9","latency":0.0060160160064697,"response":"e"}got something
in foreach: helo.three@9thsense.com, with from = helo.three@9thsense.com, event[0] = message
{"microDuration":0.00156,"robot":"helo.three@9thsense.com","status":"ok","version":"0.9","latency":0.0038979053497314,"response":"e"}got something
in foreach: helo.three@9thsense.com, with from = helo.three@9thsense.com, event[0] = message
{"microDuration":0.002915,"robot":"helo.three@9thsense.com","status":"ok","version":"0.9","latency":0.0076100826263428,"response":"e"}got something
in foreach: helo.three@9thsense.com, with from = helo.three@9thsense.com, event[0] = message
{"microDuration":0.003393,"robot":"helo.three@9thsense.com","status":"ok","version":"0.9","latency":0.0040669441223145,"response":"e"}got something
got something
got something
got something
got something
in foreach: helo.three@9thsense.com, with from = helo.three@9thsense.com, event[0] = message
{"microDuration":0.457356,"robot":"helo.three@9thsense.com","status":"ok","version":"0.9","latency":0.46120691299438,"response":"e"}got something
in foreach: helo.three@9thsense.com, with from = helo.three@9thsense.com, event[0] = message
{"microDuration":0.002938,"robot":"helo.three@9thsense.com","status":"ok","version":"0.9","latency":0.0065798759460449,"response":"e"}got something
got something
got something
got something
got something
got something
got something
got something
got something
got something
got something
got something
in foreach: helo.three@9thsense.com, with from = helo.three@9thsense.com, event[0] = message
{"microDuration":0.001997,"robot":"helo.three@9thsense.com","status":"ok","version":"0.9","latency":0.0043861865997314,"response":"e"}got something
got something
got something
got something
in foreach: helo.three@9thsense.com, with from = helo.three@9thsense.com, event[0] = message
{"microDuration":0.012287,"robot":"helo.three@9thsense.com","status":"ok","version":"0.9","latency":0.014420032501221,"response":"e"}in foreach: helo.three@9thsense.com, with from = helo.three@9thsense.com, event[0] = message
{"microDuration":0.013303,"robot":"helo.three@9thsense.com","status":"ok","version":"0.9","latency":0.0153648853302,"response":"e"}in foreach: helo.three@9thsense.com, with from = helo.three@9thsense.com, event[0] = message
{"microDuration":0.01345,"robot":"helo.three@9thsense.com","status":"ok","version":"0.9","latency":0.015487909317017,"response":"e"}in foreach: helo.three@9thsense.com, with from = helo.three@9thsense.com, event[0] = message
{"microDuration":0.013594,"robot":"helo.three@9thsense.com","status":"ok","version":"0.9","latency":0.015619993209839,"response":"e"}in foreach: helo.three@9thsense.com, with from = helo.three@9thsense.com, event[0] = message
{"microDuration":0.013683,"robot":"helo.three@9thsense.com","status":"ok","version":"0.9","latency":0.015707969665527,"response":"e"}in foreach: helo.three@9thsense.com, with from = helo.three@9thsense.com, event[0] = message
{"microDuration":0.013771,"robot":"helo.three@9thsense.com","status":"ok","version":"0.9","latency":0.015793085098267,"response":"e"}in foreach: helo.three@9thsense.com, with from = helo.three@9thsense.com, event[0] = message
{"microDuration":0.013855,"robot":"helo.three@9thsense.com","status":"ok","version":"0.9","latency":0.015876054763794,"response":"e"}in foreach: helo.three@9thsense.com, with from = helo.three@9thsense.com, event[0] = message
{"microDuration":0.013937,"robot":"helo.three@9thsense.com","status":"ok","version":"0.9","latency":0.015959024429321,"response":"e"}in foreach: helo.three@9thsense.com, with from = helo.three@9thsense.com, event[0] = message
{"microDuration":0.014022,"robot":"helo.three@9thsense.com","status":"ok","version":"0.9","latency":0.016042947769165,"response":"e"}in foreach: helo.three@9thsense.com, with from = helo.three@9thsense.com, event[0] = message
{"microDuration":0.014106,"robot":"helo.three@9thsense.com","status":"ok","version":"0.9","latency":0.016127109527588,"response":"e"}in foreach: helo.three@9thsense.com, with from = helo.three@9thsense.com, event[0] = message
{"microDuration":0.014188,"robot":"helo.three@9thsense.com","status":"ok","version":"0.9","latency":0.01620888710022,"response":"e"}